{"/home/crawd_user/project/clawbook/frontend/src/App.js": {"path":"/home/crawd_user/project/clawbook/frontend/src/App.js","statementMap":{"0":{"start":{"line":19,"column":28},"end":{"line":23,"column":4}},"1":{"start":{"line":21,"column":18},"end":{"line":21,"column":56}},"2":{"start":{"line":22,"column":4},"end":{"line":22,"column":27}},"3":{"start":{"line":25,"column":2},"end":{"line":32,"column":9}},"4":{"start":{"line":27,"column":4},"end":{"line":31,"column":5}},"5":{"start":{"line":28,"column":6},"end":{"line":30,"column":9}},"6":{"start":{"line":29,"column":8},"end":{"line":29,"column":70}},"7":{"start":{"line":34,"column":2},"end":{"line":41,"column":14}},"8":{"start":{"line":35,"column":4},"end":{"line":35,"column":50}},"9":{"start":{"line":36,"column":4},"end":{"line":40,"column":5}},"10":{"start":{"line":37,"column":6},"end":{"line":37,"column":53}},"11":{"start":{"line":39,"column":6},"end":{"line":39,"column":56}},"12":{"start":{"line":43,"column":22},"end":{"line":45,"column":3}},"13":{"start":{"line":44,"column":4},"end":{"line":44,"column":57}},"14":{"start":{"line":44,"column":21},"end":{"line":44,"column":55}},"15":{"start":{"line":47,"column":2},"end":{"line":69,"column":4}}},"fnMap":{"0":{"name":"App","decl":{"start":{"line":18,"column":24},"end":{"line":18,"column":27}},"loc":{"start":{"line":18,"column":30},"end":{"line":70,"column":1}},"line":18},"1":{"name":"(anonymous_1)","decl":{"start":{"line":19,"column":37},"end":{"line":19,"column":38}},"loc":{"start":{"line":19,"column":43},"end":{"line":23,"column":3}},"line":19},"2":{"name":"(anonymous_2)","decl":{"start":{"line":25,"column":12},"end":{"line":25,"column":13}},"loc":{"start":{"line":25,"column":18},"end":{"line":32,"column":3}},"line":25},"3":{"name":"(anonymous_3)","decl":{"start":{"line":28,"column":33},"end":{"line":28,"column":34}},"loc":{"start":{"line":28,"column":42},"end":{"line":30,"column":7}},"line":28},"4":{"name":"(anonymous_4)","decl":{"start":{"line":34,"column":12},"end":{"line":34,"column":13}},"loc":{"start":{"line":34,"column":18},"end":{"line":41,"column":3}},"line":34},"5":{"name":"(anonymous_5)","decl":{"start":{"line":43,"column":22},"end":{"line":43,"column":23}},"loc":{"start":{"line":43,"column":28},"end":{"line":45,"column":3}},"line":43},"6":{"name":"(anonymous_6)","decl":{"start":{"line":44,"column":13},"end":{"line":44,"column":14}},"loc":{"start":{"line":44,"column":21},"end":{"line":44,"column":55}},"line":44}},"branchMap":{"0":{"loc":{"start":{"line":22,"column":11},"end":{"line":22,"column":26}},"type":"binary-expr","locations":[{"start":{"line":22,"column":11},"end":{"line":22,"column":16}},{"start":{"line":22,"column":20},"end":{"line":22,"column":26}}],"line":22},"1":{"loc":{"start":{"line":27,"column":4},"end":{"line":31,"column":5}},"type":"if","locations":[{"start":{"line":27,"column":4},"end":{"line":31,"column":5}},{"start":{},"end":{}}],"line":27},"2":{"loc":{"start":{"line":36,"column":4},"end":{"line":40,"column":5}},"type":"if","locations":[{"start":{"line":36,"column":4},"end":{"line":40,"column":5}},{"start":{"line":38,"column":11},"end":{"line":40,"column":5}}],"line":36},"3":{"loc":{"start":{"line":44,"column":21},"end":{"line":44,"column":55}},"type":"cond-expr","locations":[{"start":{"line":44,"column":39},"end":{"line":44,"column":46}},{"start":{"line":44,"column":49},"end":{"line":44,"column":55}}],"line":44},"4":{"loc":{"start":{"line":49,"column":25},"end":{"line":49,"column":106}},"type":"cond-expr","locations":[{"start":{"line":49,"column":44},"end":{"line":49,"column":78}},{"start":{"line":49,"column":81},"end":{"line":49,"column":106}}],"line":49}},"s":{"0":0,"1":0,"2":0,"3":0,"4":0,"5":0,"6":0,"7":0,"8":0,"9":0,"10":0,"11":0,"12":0,"13":0,"14":0,"15":0},"f":{"0":0,"1":0,"2":0,"3":0,"4":0,"5":0,"6":0},"b":{"0":[0,0],"1":[0,0],"2":[0,0],"3":[0,0],"4":[0,0]}}
,"/home/crawd_user/project/clawbook/frontend/src/components/Sidebar.js": {"path":"/home/crawd_user/project/clawbook/frontend/src/components/Sidebar.js","statementMap":{"0":{"start":{"line":6,"column":20},"end":{"line":17,"column":1}},"1":{"start":{"line":19,"column":24},"end":{"line":30,"column":1}},"2":{"start":{"line":33,"column":16},"end":{"line":33,"column":32}},"3":{"start":{"line":34,"column":36},"end":{"line":34,"column":50}},"4":{"start":{"line":35,"column":32},"end":{"line":35,"column":47}},"5":{"start":{"line":37,"column":2},"end":{"line":39,"column":9}},"6":{"start":{"line":38,"column":4},"end":{"line":38,"column":21}},"7":{"start":{"line":41,"column":25},"end":{"line":54,"column":3}},"8":{"start":{"line":42,"column":4},"end":{"line":42,"column":21}},"9":{"start":{"line":43,"column":4},"end":{"line":53,"column":5}},"10":{"start":{"line":44,"column":23},"end":{"line":44,"column":77}},"11":{"start":{"line":45,"column":6},"end":{"line":48,"column":7}},"12":{"start":{"line":46,"column":21},"end":{"line":46,"column":42}},"13":{"start":{"line":47,"column":8},"end":{"line":47,"column":27}},"14":{"start":{"line":50,"column":6},"end":{"line":50,"column":58}},"15":{"start":{"line":52,"column":6},"end":{"line":52,"column":24}},"16":{"start":{"line":56,"column":2},"end":{"line":174,"column":4}},"17":{"start":{"line":123,"column":14},"end":{"line":123,"column":96}},"18":{"start":{"line":129,"column":14},"end":{"line":140,"column":20}},"19":{"start":{"line":165,"column":12},"end":{"line":169,"column":18}}},"fnMap":{"0":{"name":"Sidebar","decl":{"start":{"line":32,"column":24},"end":{"line":32,"column":31}},"loc":{"start":{"line":32,"column":34},"end":{"line":175,"column":1}},"line":32},"1":{"name":"(anonymous_1)","decl":{"start":{"line":37,"column":12},"end":{"line":37,"column":13}},"loc":{"start":{"line":37,"column":18},"end":{"line":39,"column":3}},"line":37},"2":{"name":"(anonymous_2)","decl":{"start":{"line":41,"column":25},"end":{"line":41,"column":26}},"loc":{"start":{"line":41,"column":37},"end":{"line":54,"column":3}},"line":41},"3":{"name":"(anonymous_3)","decl":{"start":{"line":122,"column":31},"end":{"line":122,"column":32}},"loc":{"start":{"line":123,"column":14},"end":{"line":123,"column":96}},"line":123},"4":{"name":"(anonymous_4)","decl":{"start":{"line":128,"column":38},"end":{"line":128,"column":39}},"loc":{"start":{"line":129,"column":14},"end":{"line":140,"column":20}},"line":129},"5":{"name":"(anonymous_5)","decl":{"start":{"line":164,"column":31},"end":{"line":164,"column":32}},"loc":{"start":{"line":165,"column":12},"end":{"line":169,"column":18}},"line":165}},"branchMap":{"0":{"loc":{"start":{"line":45,"column":6},"end":{"line":48,"column":7}},"type":"if","locations":[{"start":{"line":45,"column":6},"end":{"line":48,"column":7}},{"start":{},"end":{}}],"line":45},"1":{"loc":{"start":{"line":97,"column":11},"end":{"line":97,"column":59}},"type":"binary-expr","locations":[{"start":{"line":97,"column":11},"end":{"line":97,"column":40}},{"start":{"line":97,"column":44},"end":{"line":97,"column":59}}],"line":97},"2":{"loc":{"start":{"line":103,"column":14},"end":{"line":103,"column":62}},"type":"binary-expr","locations":[{"start":{"line":103,"column":14},"end":{"line":103,"column":42}},{"start":{"line":103,"column":46},"end":{"line":103,"column":62}}],"line":103},"3":{"loc":{"start":{"line":109,"column":14},"end":{"line":109,"column":48}},"type":"binary-expr","locations":[{"start":{"line":109,"column":14},"end":{"line":109,"column":36}},{"start":{"line":109,"column":40},"end":{"line":109,"column":48}}],"line":109},"4":{"loc":{"start":{"line":120,"column":9},"end":{"line":145,"column":9}},"type":"cond-expr","locations":[{"start":{"line":121,"column":10},"end":{"line":125,"column":16}},{"start":{"line":126,"column":12},"end":{"line":145,"column":9}}],"line":120},"5":{"loc":{"start":{"line":126,"column":12},"end":{"line":145,"column":9}},"type":"cond-expr","locations":[{"start":{"line":127,"column":10},"end":{"line":142,"column":16}},{"start":{"line":144,"column":10},"end":{"line":144,"column":102}}],"line":126},"6":{"loc":{"start":{"line":126,"column":12},"end":{"line":126,"column":56}},"type":"binary-expr","locations":[{"start":{"line":126,"column":12},"end":{"line":126,"column":21}},{"start":{"line":126,"column":25},"end":{"line":126,"column":56}}],"line":126},"7":{"loc":{"start":{"line":135,"column":47},"end":{"line":135,"column":73}},"type":"binary-expr","locations":[{"start":{"line":135,"column":47},"end":{"line":135,"column":68}},{"start":{"line":135,"column":72},"end":{"line":135,"column":73}}],"line":135},"8":{"loc":{"start":{"line":149,"column":7},"end":{"line":158,"column":7}},"type":"binary-expr","locations":[{"start":{"line":149,"column":7},"end":{"line":149,"column":16}},{"start":{"line":150,"column":8},"end":{"line":157,"column":14}}],"line":149}},"s":{"0":0,"1":0,"2":0,"3":0,"4":0,"5":0,"6":0,"7":0,"8":0,"9":0,"10":0,"11":0,"12":0,"13":0,"14":0,"15":0,"16":0,"17":0,"18":0,"19":0},"f":{"0":0,"1":0,"2":0,"3":0,"4":0,"5":0},"b":{"0":[0,0],"1":[0,0],"2":[0,0],"3":[0,0],"4":[0,0],"5":[0,0],"6":[0,0],"7":[0,0],"8":[0,0]}}
,"/home/crawd_user/project/clawbook/frontend/src/pages/PersonalityProfile.jsx": {"path":"/home/crawd_user/project/clawbook/frontend/src/pages/PersonalityProfile.jsx","statementMap":{"0":{"start":{"line":7,"column":16},"end":{"line":7,"column":32}},"1":{"start":{"line":8,"column":32},"end":{"line":8,"column":46}},"2":{"start":{"line":9,"column":32},"end":{"line":9,"column":47}},"3":{"start":{"line":10,"column":36},"end":{"line":10,"column":51}},"4":{"start":{"line":11,"column":28},"end":{"line":11,"column":42}},"5":{"start":{"line":12,"column":46},"end":{"line":12,"column":60}},"6":{"start":{"line":14,"column":2},"end":{"line":16,"column":9}},"7":{"start":{"line":15,"column":4},"end":{"line":15,"column":19}},"8":{"start":{"line":18,"column":23},"end":{"line":30,"column":3}},"9":{"start":{"line":19,"column":4},"end":{"line":29,"column":5}},"10":{"start":{"line":20,"column":6},"end":{"line":20,"column":23}},"11":{"start":{"line":21,"column":6},"end":{"line":21,"column":21}},"12":{"start":{"line":22,"column":23},"end":{"line":22,"column":59}},"13":{"start":{"line":23,"column":6},"end":{"line":23,"column":32}},"14":{"start":{"line":26,"column":6},"end":{"line":26,"column":50}},"15":{"start":{"line":28,"column":6},"end":{"line":28,"column":24}},"16":{"start":{"line":32,"column":34},"end":{"line":52,"column":3}},"17":{"start":{"line":33,"column":4},"end":{"line":51,"column":5}},"18":{"start":{"line":34,"column":6},"end":{"line":34,"column":25}},"19":{"start":{"line":35,"column":6},"end":{"line":35,"column":21}},"20":{"start":{"line":36,"column":6},"end":{"line":36,"column":30}},"21":{"start":{"line":37,"column":23},"end":{"line":37,"column":59}},"22":{"start":{"line":39,"column":6},"end":{"line":45,"column":7}},"23":{"start":{"line":40,"column":8},"end":{"line":40,"column":45}},"24":{"start":{"line":41,"column":8},"end":{"line":41,"column":64}},"25":{"start":{"line":42,"column":8},"end":{"line":42,"column":56}},"26":{"start":{"line":42,"column":25},"end":{"line":42,"column":48}},"27":{"start":{"line":44,"column":8},"end":{"line":44,"column":61}},"28":{"start":{"line":47,"column":6},"end":{"line":47,"column":77}},"29":{"start":{"line":48,"column":6},"end":{"line":48,"column":46}},"30":{"start":{"line":50,"column":6},"end":{"line":50,"column":26}},"31":{"start":{"line":54,"column":24},"end":{"line":59,"column":3}},"32":{"start":{"line":55,"column":4},"end":{"line":55,"column":37}},"33":{"start":{"line":55,"column":20},"end":{"line":55,"column":37}},"34":{"start":{"line":56,"column":4},"end":{"line":56,"column":37}},"35":{"start":{"line":56,"column":20},"end":{"line":56,"column":37}},"36":{"start":{"line":57,"column":4},"end":{"line":57,"column":37}},"37":{"start":{"line":57,"column":20},"end":{"line":57,"column":37}},"38":{"start":{"line":58,"column":4},"end":{"line":58,"column":21}},"39":{"start":{"line":61,"column":27},"end":{"line":127,"column":3}},"40":{"start":{"line":62,"column":4},"end":{"line":62,"column":38}},"41":{"start":{"line":62,"column":26},"end":{"line":62,"column":38}},"42":{"start":{"line":64,"column":17},"end":{"line":90,"column":5}},"43":{"start":{"line":92,"column":4},"end":{"line":126,"column":6}},"44":{"start":{"line":113,"column":12},"end":{"line":122,"column":18}},"45":{"start":{"line":129,"column":26},"end":{"line":173,"column":3}},"46":{"start":{"line":130,"column":4},"end":{"line":130,"column":41}},"47":{"start":{"line":130,"column":29},"end":{"line":130,"column":41}},"48":{"start":{"line":132,"column":34},"end":{"line":139,"column":5}},"49":{"start":{"line":141,"column":4},"end":{"line":172,"column":6}},"50":{"start":{"line":175,"column":25},"end":{"line":193,"column":3}},"51":{"start":{"line":176,"column":4},"end":{"line":176,"column":73}},"52":{"start":{"line":176,"column":61},"end":{"line":176,"column":73}},"53":{"start":{"line":178,"column":4},"end":{"line":192,"column":6}},"54":{"start":{"line":183,"column":12},"end":{"line":188,"column":18}},"55":{"start":{"line":195,"column":27},"end":{"line":212,"column":3}},"56":{"start":{"line":196,"column":4},"end":{"line":211,"column":6}},"57":{"start":{"line":214,"column":2},"end":{"line":271,"column":4}}},"fnMap":{"0":{"name":"PersonalityProfile","decl":{"start":{"line":6,"column":24},"end":{"line":6,"column":42}},"loc":{"start":{"line":6,"column":45},"end":{"line":272,"column":1}},"line":6},"1":{"name":"(anonymous_1)","decl":{"start":{"line":14,"column":12},"end":{"line":14,"column":13}},"loc":{"start":{"line":14,"column":18},"end":{"line":16,"column":3}},"line":14},"2":{"name":"(anonymous_2)","decl":{"start":{"line":18,"column":23},"end":{"line":18,"column":24}},"loc":{"start":{"line":18,"column":35},"end":{"line":30,"column":3}},"line":18},"3":{"name":"(anonymous_3)","decl":{"start":{"line":32,"column":34},"end":{"line":32,"column":35}},"loc":{"start":{"line":32,"column":46},"end":{"line":52,"column":3}},"line":32},"4":{"name":"(anonymous_4)","decl":{"start":{"line":42,"column":19},"end":{"line":42,"column":20}},"loc":{"start":{"line":42,"column":25},"end":{"line":42,"column":48}},"line":42},"5":{"name":"(anonymous_5)","decl":{"start":{"line":54,"column":24},"end":{"line":54,"column":25}},"loc":{"start":{"line":54,"column":35},"end":{"line":59,"column":3}},"line":54},"6":{"name":"(anonymous_6)","decl":{"start":{"line":61,"column":27},"end":{"line":61,"column":28}},"loc":{"start":{"line":61,"column":33},"end":{"line":127,"column":3}},"line":61},"7":{"name":"(anonymous_7)","decl":{"start":{"line":112,"column":20},"end":{"line":112,"column":21}},"loc":{"start":{"line":113,"column":12},"end":{"line":122,"column":18}},"line":113},"8":{"name":"(anonymous_8)","decl":{"start":{"line":129,"column":26},"end":{"line":129,"column":27}},"loc":{"start":{"line":129,"column":32},"end":{"line":173,"column":3}},"line":129},"9":{"name":"(anonymous_9)","decl":{"start":{"line":175,"column":25},"end":{"line":175,"column":26}},"loc":{"start":{"line":175,"column":31},"end":{"line":193,"column":3}},"line":175},"10":{"name":"(anonymous_10)","decl":{"start":{"line":182,"column":32},"end":{"line":182,"column":33}},"loc":{"start":{"line":183,"column":12},"end":{"line":188,"column":18}},"line":183},"11":{"name":"(anonymous_11)","decl":{"start":{"line":195,"column":27},"end":{"line":195,"column":28}},"loc":{"start":{"line":195,"column":33},"end":{"line":212,"column":3}},"line":195}},"branchMap":{"0":{"loc":{"start":{"line":39,"column":6},"end":{"line":45,"column":7}},"type":"if","locations":[{"start":{"line":39,"column":6},"end":{"line":45,"column":7}},{"start":{"line":43,"column":13},"end":{"line":45,"column":7}}],"line":39},"1":{"loc":{"start":{"line":44,"column":17},"end":{"line":44,"column":59}},"type":"binary-expr","locations":[{"start":{"line":44,"column":17},"end":{"line":44,"column":36}},{"start":{"line":44,"column":40},"end":{"line":44,"column":59}}],"line":44},"2":{"loc":{"start":{"line":47,"column":15},"end":{"line":47,"column":75}},"type":"binary-expr","locations":[{"start":{"line":47,"column":15},"end":{"line":47,"column":41}},{"start":{"line":47,"column":45},"end":{"line":47,"column":75}}],"line":47},"3":{"loc":{"start":{"line":55,"column":4},"end":{"line":55,"column":37}},"type":"if","locations":[{"start":{"line":55,"column":4},"end":{"line":55,"column":37}},{"start":{},"end":{}}],"line":55},"4":{"loc":{"start":{"line":56,"column":4},"end":{"line":56,"column":37}},"type":"if","locations":[{"start":{"line":56,"column":4},"end":{"line":56,"column":37}},{"start":{},"end":{}}],"line":56},"5":{"loc":{"start":{"line":57,"column":4},"end":{"line":57,"column":37}},"type":"if","locations":[{"start":{"line":57,"column":4},"end":{"line":57,"column":37}},{"start":{},"end":{}}],"line":57},"6":{"loc":{"start":{"line":62,"column":4},"end":{"line":62,"column":38}},"type":"if","locations":[{"start":{"line":62,"column":4},"end":{"line":62,"column":38}},{"start":{},"end":{}}],"line":62},"7":{"loc":{"start":{"line":67,"column":15},"end":{"line":67,"column":44}},"type":"binary-expr","locations":[{"start":{"line":67,"column":15},"end":{"line":67,"column":39}},{"start":{"line":67,"column":43},"end":{"line":67,"column":44}}],"line":67},"8":{"loc":{"start":{"line":72,"column":15},"end":{"line":72,"column":53}},"type":"binary-expr","locations":[{"start":{"line":72,"column":15},"end":{"line":72,"column":48}},{"start":{"line":72,"column":52},"end":{"line":72,"column":53}}],"line":72},"9":{"loc":{"start":{"line":77,"column":15},"end":{"line":77,"column":46}},"type":"binary-expr","locations":[{"start":{"line":77,"column":15},"end":{"line":77,"column":41}},{"start":{"line":77,"column":45},"end":{"line":77,"column":46}}],"line":77},"10":{"loc":{"start":{"line":82,"column":15},"end":{"line":82,"column":49}},"type":"binary-expr","locations":[{"start":{"line":82,"column":15},"end":{"line":82,"column":44}},{"start":{"line":82,"column":48},"end":{"line":82,"column":49}}],"line":82},"11":{"loc":{"start":{"line":87,"column":15},"end":{"line":87,"column":45}},"type":"binary-expr","locations":[{"start":{"line":87,"column":15},"end":{"line":87,"column":40}},{"start":{"line":87,"column":44},"end":{"line":87,"column":45}}],"line":87},"12":{"loc":{"start":{"line":130,"column":4},"end":{"line":130,"column":41}},"type":"if","locations":[{"start":{"line":130,"column":4},"end":{"line":130,"column":41}},{"start":{},"end":{}}],"line":130},"13":{"loc":{"start":{"line":146,"column":13},"end":{"line":146,"column":56}},"type":"binary-expr","locations":[{"start":{"line":146,"column":13},"end":{"line":146,"column":48}},{"start":{"line":146,"column":52},"end":{"line":146,"column":56}}],"line":146},"14":{"loc":{"start":{"line":147,"column":13},"end":{"line":147,"column":55}},"type":"binary-expr","locations":[{"start":{"line":147,"column":13},"end":{"line":147,"column":47}},{"start":{"line":147,"column":51},"end":{"line":147,"column":55}}],"line":147},"15":{"loc":{"start":{"line":148,"column":13},"end":{"line":148,"column":60}},"type":"binary-expr","locations":[{"start":{"line":148,"column":13},"end":{"line":148,"column":52}},{"start":{"line":148,"column":56},"end":{"line":148,"column":60}}],"line":148},"16":{"loc":{"start":{"line":149,"column":13},"end":{"line":149,"column":58}},"type":"binary-expr","locations":[{"start":{"line":149,"column":13},"end":{"line":149,"column":50}},{"start":{"line":149,"column":54},"end":{"line":149,"column":58}}],"line":149},"17":{"loc":{"start":{"line":150,"column":13},"end":{"line":150,"column":58}},"type":"binary-expr","locations":[{"start":{"line":150,"column":13},"end":{"line":150,"column":50}},{"start":{"line":150,"column":54},"end":{"line":150,"column":58}}],"line":150},"18":{"loc":{"start":{"line":151,"column":13},"end":{"line":151,"column":57}},"type":"binary-expr","locations":[{"start":{"line":151,"column":13},"end":{"line":151,"column":49}},{"start":{"line":151,"column":53},"end":{"line":151,"column":57}}],"line":151},"19":{"loc":{"start":{"line":156,"column":15},"end":{"line":156,"column":76}},"type":"binary-expr","locations":[{"start":{"line":156,"column":15},"end":{"line":156,"column":55}},{"start":{"line":156,"column":59},"end":{"line":156,"column":76}}],"line":156},"20":{"loc":{"start":{"line":162,"column":37},"end":{"line":162,"column":66}},"type":"binary-expr","locations":[{"start":{"line":162,"column":37},"end":{"line":162,"column":61}},{"start":{"line":162,"column":65},"end":{"line":162,"column":66}}],"line":162},"21":{"loc":{"start":{"line":166,"column":17},"end":{"line":166,"column":46}},"type":"binary-expr","locations":[{"start":{"line":166,"column":17},"end":{"line":166,"column":41}},{"start":{"line":166,"column":45},"end":{"line":166,"column":46}}],"line":166},"22":{"loc":{"start":{"line":176,"column":4},"end":{"line":176,"column":73}},"type":"if","locations":[{"start":{"line":176,"column":4},"end":{"line":176,"column":73}},{"start":{},"end":{}}],"line":176},"23":{"loc":{"start":{"line":176,"column":8},"end":{"line":176,"column":59}},"type":"binary-expr","locations":[{"start":{"line":176,"column":8},"end":{"line":176,"column":26}},{"start":{"line":176,"column":30},"end":{"line":176,"column":59}}],"line":176},"24":{"loc":{"start":{"line":208,"column":11},"end":{"line":208,"column":74}},"type":"cond-expr","locations":[{"start":{"line":208,"column":23},"end":{"line":208,"column":39}},{"start":{"line":208,"column":42},"end":{"line":208,"column":74}}],"line":208},"25":{"loc":{"start":{"line":226,"column":9},"end":{"line":235,"column":9}},"type":"binary-expr","locations":[{"start":{"line":226,"column":9},"end":{"line":226,"column":16}},{"start":{"line":227,"column":10},"end":{"line":234,"column":19}}],"line":226},"26":{"loc":{"start":{"line":233,"column":13},"end":{"line":233,"column":55}},"type":"cond-expr","locations":[{"start":{"line":233,"column":25},"end":{"line":233,"column":41}},{"start":{"line":233,"column":44},"end":{"line":233,"column":55}}],"line":233},"27":{"loc":{"start":{"line":239,"column":7},"end":{"line":243,"column":7}},"type":"binary-expr","locations":[{"start":{"line":239,"column":7},"end":{"line":239,"column":21}},{"start":{"line":240,"column":8},"end":{"line":242,"column":14}}],"line":239},"28":{"loc":{"start":{"line":244,"column":7},"end":{"line":248,"column":7}},"type":"binary-expr","locations":[{"start":{"line":244,"column":7},"end":{"line":244,"column":12}},{"start":{"line":245,"column":8},"end":{"line":247,"column":14}}],"line":244},"29":{"loc":{"start":{"line":251,"column":7},"end":{"line":269,"column":7}},"type":"cond-expr","locations":[{"start":{"line":252,"column":8},"end":{"line":255,"column":14}},{"start":{"line":256,"column":10},"end":{"line":269,"column":7}}],"line":251},"30":{"loc":{"start":{"line":256,"column":10},"end":{"line":269,"column":7}},"type":"cond-expr","locations":[{"start":{"line":257,"column":8},"end":{"line":266,"column":11}},{"start":{"line":268,"column":8},"end":{"line":268,"column":26}}],"line":256},"31":{"loc":{"start":{"line":261,"column":11},"end":{"line":265,"column":11}},"type":"binary-expr","locations":[{"start":{"line":261,"column":11},"end":{"line":261,"column":33}},{"start":{"line":262,"column":12},"end":{"line":264,"column":18}}],"line":261},"32":{"loc":{"start":{"line":263,"column":27},"end":{"line":263,"column":60}},"type":"binary-expr","locations":[{"start":{"line":263,"column":27},"end":{"line":263,"column":55}},{"start":{"line":263,"column":59},"end":{"line":263,"column":60}}],"line":263}},"s":{"0":0,"1":0,"2":0,"3":0,"4":0,"5":0,"6":0,"7":0,"8":0,"9":0,"10":0,"11":0,"12":0,"13":0,"14":0,"15":0,"16":0,"17":0,"18":0,"19":0,"20":0,"21":0,"22":0,"23":0,"24":0,"25":0,"26":0,"27":0,"28":0,"29":0,"30":0,"31":0,"32":0,"33":0,"34":0,"35":0,"36":0,"37":0,"38":0,"39":0,"40":0,"41":0,"42":0,"43":0,"44":0,"45":0,"46":0,"47":0,"48":0,"49":0,"50":0,"51":0,"52":0,"53":0,"54":0,"55":0,"56":0,"57":0},"f":{"0":0,"1":0,"2":0,"3":0,"4":0,"5":0,"6":0,"7":0,"8":0,"9":0,"10":0,"11":0},"b":{"0":[0,0],"1":[0,0],"2":[0,0],"3":[0,0],"4":[0,0],"5":[0,0],"6":[0,0],"7":[0,0],"8":[0,0],"9":[0,0],"10":[0,0],"11":[0,0],"12":[0,0],"13":[0,0],"14":[0,0],"15":[0,0],"16":[0,0],"17":[0,0],"18":[0,0],"19":[0,0],"20":[0,0],"21":[0,0],"22":[0,0],"23":[0,0],"24":[0,0],"25":[0,0],"26":[0,0],"27":[0,0],"28":[0,0],"29":[0,0],"30":[0,0],"31":[0,0],"32":[0,0]}}
}
