{"/home/crawd_user/project/clawbook/frontend/src/components/AchievementCard.jsx": {"path":"/home/crawd_user/project/clawbook/frontend/src/components/AchievementCard.jsx","statementMap":{"0":{"start":{"line":9,"column":16},"end":{"line":9,"column":32}},"1":{"start":{"line":12,"column":21},"end":{"line":19,"column":3}},"2":{"start":{"line":13,"column":4},"end":{"line":18,"column":5}},"3":{"start":{"line":14,"column":19},"end":{"line":14,"column":39}},"4":{"start":{"line":15,"column":6},"end":{"line":15,"column":99}},"5":{"start":{"line":17,"column":6},"end":{"line":17,"column":28}},"6":{"start":{"line":22,"column":29},"end":{"line":31,"column":3}},"7":{"start":{"line":23,"column":4},"end":{"line":23,"column":28}},"8":{"start":{"line":23,"column":16},"end":{"line":23,"column":28}},"9":{"start":{"line":24,"column":18},"end":{"line":24,"column":37}},"10":{"start":{"line":25,"column":4},"end":{"line":25,"column":74}},"11":{"start":{"line":25,"column":62},"end":{"line":25,"column":74}},"12":{"start":{"line":26,"column":4},"end":{"line":26,"column":73}},"13":{"start":{"line":26,"column":62},"end":{"line":26,"column":73}},"14":{"start":{"line":27,"column":4},"end":{"line":27,"column":45}},"15":{"start":{"line":27,"column":33},"end":{"line":27,"column":45}},"16":{"start":{"line":28,"column":4},"end":{"line":28,"column":46}},"17":{"start":{"line":28,"column":34},"end":{"line":28,"column":46}},"18":{"start":{"line":29,"column":4},"end":{"line":29,"column":44}},"19":{"start":{"line":29,"column":32},"end":{"line":29,"column":44}},"20":{"start":{"line":30,"column":4},"end":{"line":30,"column":15}},"21":{"start":{"line":34,"column":31},"end":{"line":58,"column":3}},"22":{"start":{"line":36,"column":22},"end":{"line":36,"column":78}},"23":{"start":{"line":37,"column":4},"end":{"line":37,"column":27}},"24":{"start":{"line":37,"column":20},"end":{"line":37,"column":27}},"25":{"start":{"line":40,"column":4},"end":{"line":40,"column":53}},"26":{"start":{"line":43,"column":4},"end":{"line":52,"column":5}},"27":{"start":{"line":43,"column":17},"end":{"line":43,"column":18}},"28":{"start":{"line":44,"column":23},"end":{"line":44,"column":52}},"29":{"start":{"line":45,"column":6},"end":{"line":45,"column":50}},"30":{"start":{"line":46,"column":6},"end":{"line":46,"column":67}},"31":{"start":{"line":47,"column":6},"end":{"line":47,"column":54}},"32":{"start":{"line":48,"column":6},"end":{"line":48,"column":88}},"33":{"start":{"line":49,"column":6},"end":{"line":49,"column":38}},"34":{"start":{"line":51,"column":6},"end":{"line":51,"column":48}},"35":{"start":{"line":51,"column":23},"end":{"line":51,"column":40}},"36":{"start":{"line":55,"column":4},"end":{"line":57,"column":12}},"37":{"start":{"line":56,"column":6},"end":{"line":56,"column":58}},"38":{"start":{"line":60,"column":25},"end":{"line":65,"column":3}},"39":{"start":{"line":67,"column":23},"end":{"line":67,"column":51}},"40":{"start":{"line":68,"column":24},"end":{"line":68,"column":85}},"41":{"start":{"line":70,"column":2},"end":{"line":181,"column":4}}},"fnMap":{"0":{"name":"AchievementCard","decl":{"start":{"line":8,"column":24},"end":{"line":8,"column":39}},"loc":{"start":{"line":8,"column":63},"end":{"line":182,"column":1}},"line":8},"1":{"name":"(anonymous_1)","decl":{"start":{"line":12,"column":21},"end":{"line":12,"column":22}},"loc":{"start":{"line":12,"column":37},"end":{"line":19,"column":3}},"line":12},"2":{"name":"(anonymous_2)","decl":{"start":{"line":22,"column":29},"end":{"line":22,"column":30}},"loc":{"start":{"line":22,"column":40},"end":{"line":31,"column":3}},"line":22},"3":{"name":"(anonymous_3)","decl":{"start":{"line":34,"column":31},"end":{"line":34,"column":32}},"loc":{"start":{"line":34,"column":37},"end":{"line":58,"column":3}},"line":34},"4":{"name":"(anonymous_4)","decl":{"start":{"line":51,"column":17},"end":{"line":51,"column":18}},"loc":{"start":{"line":51,"column":23},"end":{"line":51,"column":40}},"line":51},"5":{"name":"(anonymous_5)","decl":{"start":{"line":55,"column":15},"end":{"line":55,"column":16}},"loc":{"start":{"line":55,"column":21},"end":{"line":57,"column":5}},"line":55}},"branchMap":{"0":{"loc":{"start":{"line":23,"column":4},"end":{"line":23,"column":28}},"type":"if","locations":[{"start":{"line":23,"column":4},"end":{"line":23,"column":28}},{"start":{},"end":{}}],"line":23},"1":{"loc":{"start":{"line":25,"column":4},"end":{"line":25,"column":74}},"type":"if","locations":[{"start":{"line":25,"column":4},"end":{"line":25,"column":74}},{"start":{},"end":{}}],"line":25},"2":{"loc":{"start":{"line":25,"column":8},"end":{"line":25,"column":60}},"type":"binary-expr","locations":[{"start":{"line":25,"column":8},"end":{"line":25,"column":35}},{"start":{"line":25,"column":39},"end":{"line":25,"column":60}}],"line":25},"3":{"loc":{"start":{"line":26,"column":4},"end":{"line":26,"column":73}},"type":"if","locations":[{"start":{"line":26,"column":4},"end":{"line":26,"column":73}},{"start":{},"end":{}}],"line":26},"4":{"loc":{"start":{"line":26,"column":8},"end":{"line":26,"column":60}},"type":"binary-expr","locations":[{"start":{"line":26,"column":8},"end":{"line":26,"column":34}},{"start":{"line":26,"column":38},"end":{"line":26,"column":60}}],"line":26},"5":{"loc":{"start":{"line":27,"column":4},"end":{"line":27,"column":45}},"type":"if","locations":[{"start":{"line":27,"column":4},"end":{"line":27,"column":45}},{"start":{},"end":{}}],"line":27},"6":{"loc":{"start":{"line":28,"column":4},"end":{"line":28,"column":46}},"type":"if","locations":[{"start":{"line":28,"column":4},"end":{"line":28,"column":46}},{"start":{},"end":{}}],"line":28},"7":{"loc":{"start":{"line":29,"column":4},"end":{"line":29,"column":44}},"type":"if","locations":[{"start":{"line":29,"column":4},"end":{"line":29,"column":44}},{"start":{},"end":{}}],"line":29},"8":{"loc":{"start":{"line":37,"column":4},"end":{"line":37,"column":27}},"type":"if","locations":[{"start":{"line":37,"column":4},"end":{"line":37,"column":27}},{"start":{},"end":{}}],"line":37},"9":{"loc":{"start":{"line":67,"column":23},"end":{"line":67,"column":51}},"type":"binary-expr","locations":[{"start":{"line":67,"column":23},"end":{"line":67,"column":37}},{"start":{"line":67,"column":41},"end":{"line":67,"column":51}}],"line":67},"10":{"loc":{"start":{"line":68,"column":24},"end":{"line":68,"column":85}},"type":"binary-expr","locations":[{"start":{"line":68,"column":24},"end":{"line":68,"column":52}},{"start":{"line":68,"column":56},"end":{"line":68,"column":85}}],"line":68},"11":{"loc":{"start":{"line":81,"column":15},"end":{"line":81,"column":58}},"type":"binary-expr","locations":[{"start":{"line":81,"column":15},"end":{"line":81,"column":32}},{"start":{"line":81,"column":36},"end":{"line":81,"column":58}}],"line":81},"12":{"loc":{"start":{"line":84,"column":15},"end":{"line":84,"column":69}},"type":"cond-expr","locations":[{"start":{"line":84,"column":22},"end":{"line":84,"column":43}},{"start":{"line":84,"column":46},"end":{"line":84,"column":69}}],"line":84},"13":{"loc":{"start":{"line":98,"column":7},"end":{"line":102,"column":7}},"type":"binary-expr","locations":[{"start":{"line":98,"column":7},"end":{"line":98,"column":30}},{"start":{"line":99,"column":8},"end":{"line":101,"column":12}}],"line":98},"14":{"loc":{"start":{"line":105,"column":7},"end":{"line":125,"column":7}},"type":"binary-expr","locations":[{"start":{"line":105,"column":7},"end":{"line":105,"column":47}},{"start":{"line":106,"column":8},"end":{"line":124,"column":14}}],"line":105},"15":{"loc":{"start":{"line":111,"column":15},"end":{"line":111,"column":48}},"type":"cond-expr","locations":[{"start":{"line":111,"column":28},"end":{"line":111,"column":43}},{"start":{"line":111,"column":46},"end":{"line":111,"column":48}}],"line":111},"16":{"loc":{"start":{"line":118,"column":23},"end":{"line":120,"column":26}},"type":"cond-expr","locations":[{"start":{"line":119,"column":20},"end":{"line":119,"column":95}},{"start":{"line":120,"column":20},"end":{"line":120,"column":26}}],"line":118},"17":{"loc":{"start":{"line":138,"column":7},"end":{"line":142,"column":7}},"type":"binary-expr","locations":[{"start":{"line":138,"column":7},"end":{"line":138,"column":35}},{"start":{"line":139,"column":8},"end":{"line":141,"column":14}}],"line":138}},"s":{"0":0,"1":0,"2":0,"3":0,"4":0,"5":0,"6":0,"7":0,"8":0,"9":0,"10":0,"11":0,"12":0,"13":0,"14":0,"15":0,"16":0,"17":0,"18":0,"19":0,"20":0,"21":0,"22":0,"23":0,"24":0,"25":0,"26":0,"27":0,"28":0,"29":0,"30":0,"31":0,"32":0,"33":0,"34":0,"35":0,"36":0,"37":0,"38":0,"39":0,"40":0,"41":0},"f":{"0":0,"1":0,"2":0,"3":0,"4":0,"5":0},"b":{"0":[0,0],"1":[0,0],"2":[0,0],"3":[0,0],"4":[0,0],"5":[0,0],"6":[0,0],"7":[0,0],"8":[0,0],"9":[0,0],"10":[0,0],"11":[0,0],"12":[0,0],"13":[0,0],"14":[0,0],"15":[0,0],"16":[0,0],"17":[0,0]}}
,"/home/crawd_user/project/clawbook/frontend/src/pages/GrowthDashboard.jsx": {"path":"/home/crawd_user/project/clawbook/frontend/src/pages/GrowthDashboard.jsx","statementMap":{"0":{"start":{"line":7,"column":15},"end":{"line":14,"column":1}},"1":{"start":{"line":17,"column":16},"end":{"line":17,"column":32}},"2":{"start":{"line":18,"column":28},"end":{"line":18,"column":40}},"3":{"start":{"line":19,"column":42},"end":{"line":19,"column":54}},"4":{"start":{"line":20,"column":34},"end":{"line":20,"column":48}},"5":{"start":{"line":21,"column":32},"end":{"line":21,"column":47}},"6":{"start":{"line":22,"column":28},"end":{"line":22,"column":42}},"7":{"start":{"line":23,"column":42},"end":{"line":23,"column":57}},"8":{"start":{"line":24,"column":32},"end":{"line":30,"column":4}},"9":{"start":{"line":32,"column":2},"end":{"line":34,"column":9}},"10":{"start":{"line":33,"column":4},"end":{"line":33,"column":28}},"11":{"start":{"line":36,"column":32},"end":{"line":56,"column":3}},"12":{"start":{"line":37,"column":4},"end":{"line":55,"column":5}},"13":{"start":{"line":38,"column":6},"end":{"line":38,"column":23}},"14":{"start":{"line":39,"column":6},"end":{"line":39,"column":21}},"15":{"start":{"line":41,"column":55},"end":{"line":45,"column":8}},"16":{"start":{"line":44,"column":53},"end":{"line":44,"column":65}},"17":{"start":{"line":47,"column":6},"end":{"line":47,"column":36}},"18":{"start":{"line":48,"column":6},"end":{"line":48,"column":36}},"19":{"start":{"line":49,"column":6},"end":{"line":49,"column":50}},"20":{"start":{"line":51,"column":6},"end":{"line":51,"column":75}},"21":{"start":{"line":52,"column":6},"end":{"line":52,"column":53}},"22":{"start":{"line":54,"column":6},"end":{"line":54,"column":24}},"23":{"start":{"line":58,"column":27},"end":{"line":80,"column":3}},"24":{"start":{"line":59,"column":4},"end":{"line":59,"column":23}},"25":{"start":{"line":60,"column":4},"end":{"line":63,"column":5}},"26":{"start":{"line":61,"column":6},"end":{"line":61,"column":53}},"27":{"start":{"line":62,"column":6},"end":{"line":62,"column":13}},"28":{"start":{"line":65,"column":4},"end":{"line":79,"column":5}},"29":{"start":{"line":66,"column":6},"end":{"line":66,"column":21}},"30":{"start":{"line":67,"column":6},"end":{"line":67,"column":47}},"31":{"start":{"line":68,"column":6},"end":{"line":74,"column":9}},"32":{"start":{"line":75,"column":6},"end":{"line":75,"column":29}},"33":{"start":{"line":76,"column":6},"end":{"line":76,"column":36}},"34":{"start":{"line":78,"column":6},"end":{"line":78,"column":70}},"35":{"start":{"line":82,"column":27},"end":{"line":92,"column":3}},"36":{"start":{"line":83,"column":4},"end":{"line":83,"column":78}},"37":{"start":{"line":83,"column":71},"end":{"line":83,"column":78}},"38":{"start":{"line":85,"column":4},"end":{"line":91,"column":5}},"39":{"start":{"line":86,"column":6},"end":{"line":86,"column":21}},"40":{"start":{"line":87,"column":6},"end":{"line":87,"column":50}},"41":{"start":{"line":88,"column":6},"end":{"line":88,"column":36}},"42":{"start":{"line":90,"column":6},"end":{"line":90,"column":70}},"43":{"start":{"line":94,"column":32},"end":{"line":97,"column":3}},"44":{"start":{"line":95,"column":4},"end":{"line":95,"column":41}},"45":{"start":{"line":95,"column":32},"end":{"line":95,"column":41}},"46":{"start":{"line":96,"column":4},"end":{"line":96,"column":73}},"47":{"start":{"line":99,"column":35},"end":{"line":107,"column":3}},"48":{"start":{"line":100,"column":4},"end":{"line":100,"column":49}},"49":{"start":{"line":100,"column":39},"end":{"line":100,"column":49}},"50":{"start":{"line":101,"column":4},"end":{"line":106,"column":8}},"51":{"start":{"line":101,"column":82},"end":{"line":106,"column":5}},"52":{"start":{"line":109,"column":28},"end":{"line":115,"column":3}},"53":{"start":{"line":110,"column":4},"end":{"line":110,"column":29}},"54":{"start":{"line":110,"column":19},"end":{"line":110,"column":29}},"55":{"start":{"line":111,"column":4},"end":{"line":114,"column":6}},"56":{"start":{"line":117,"column":2},"end":{"line":123,"column":3}},"57":{"start":{"line":118,"column":4},"end":{"line":122,"column":6}},"58":{"start":{"line":125,"column":2},"end":{"line":368,"column":4}},"59":{"start":{"line":132,"column":27},"end":{"line":132,"column":57}},"60":{"start":{"line":155,"column":33},"end":{"line":155,"column":80}},"61":{"start":{"line":160,"column":33},"end":{"line":160,"column":83}},"62":{"start":{"line":172,"column":33},"end":{"line":172,"column":102}},"63":{"start":{"line":179,"column":33},"end":{"line":179,"column":79}},"64":{"start":{"line":185,"column":33},"end":{"line":185,"column":86}},"65":{"start":{"line":234,"column":48},"end":{"line":234,"column":67}},"66":{"start":{"line":240,"column":22},"end":{"line":240,"column":70}},"67":{"start":{"line":279,"column":33},"end":{"line":279,"column":60}},"68":{"start":{"line":280,"column":16},"end":{"line":327,"column":18}},"69":{"start":{"line":293,"column":39},"end":{"line":293,"column":64}},"70":{"start":{"line":339,"column":43},"end":{"line":339,"column":88}},"71":{"start":{"line":339,"column":59},"end":{"line":339,"column":87}},"72":{"start":{"line":340,"column":16},"end":{"line":346,"column":18}},"73":{"start":{"line":358,"column":16},"end":{"line":361,"column":21}}},"fnMap":{"0":{"name":"GrowthDashboard","decl":{"start":{"line":16,"column":24},"end":{"line":16,"column":39}},"loc":{"start":{"line":16,"column":42},"end":{"line":369,"column":1}},"line":16},"1":{"name":"(anonymous_1)","decl":{"start":{"line":32,"column":12},"end":{"line":32,"column":13}},"loc":{"start":{"line":32,"column":18},"end":{"line":34,"column":3}},"line":32},"2":{"name":"(anonymous_2)","decl":{"start":{"line":36,"column":32},"end":{"line":36,"column":33}},"loc":{"start":{"line":36,"column":44},"end":{"line":56,"column":3}},"line":36},"3":{"name":"(anonymous_3)","decl":{"start":{"line":44,"column":46},"end":{"line":44,"column":47}},"loc":{"start":{"line":44,"column":53},"end":{"line":44,"column":65}},"line":44},"4":{"name":"(anonymous_4)","decl":{"start":{"line":58,"column":27},"end":{"line":58,"column":28}},"loc":{"start":{"line":58,"column":40},"end":{"line":80,"column":3}},"line":58},"5":{"name":"(anonymous_5)","decl":{"start":{"line":82,"column":27},"end":{"line":82,"column":28}},"loc":{"start":{"line":82,"column":45},"end":{"line":92,"column":3}},"line":82},"6":{"name":"(anonymous_6)","decl":{"start":{"line":94,"column":32},"end":{"line":94,"column":33}},"loc":{"start":{"line":94,"column":42},"end":{"line":97,"column":3}},"line":94},"7":{"name":"(anonymous_7)","decl":{"start":{"line":99,"column":35},"end":{"line":99,"column":36}},"loc":{"start":{"line":99,"column":41},"end":{"line":107,"column":3}},"line":99},"8":{"name":"(anonymous_8)","decl":{"start":{"line":101,"column":59},"end":{"line":101,"column":60}},"loc":{"start":{"line":101,"column":82},"end":{"line":106,"column":5}},"line":101},"9":{"name":"(anonymous_9)","decl":{"start":{"line":109,"column":28},"end":{"line":109,"column":29}},"loc":{"start":{"line":109,"column":34},"end":{"line":115,"column":3}},"line":109},"10":{"name":"(anonymous_10)","decl":{"start":{"line":132,"column":21},"end":{"line":132,"column":22}},"loc":{"start":{"line":132,"column":27},"end":{"line":132,"column":57}},"line":132},"11":{"name":"(anonymous_11)","decl":{"start":{"line":155,"column":26},"end":{"line":155,"column":27}},"loc":{"start":{"line":155,"column":33},"end":{"line":155,"column":80}},"line":155},"12":{"name":"(anonymous_12)","decl":{"start":{"line":160,"column":26},"end":{"line":160,"column":27}},"loc":{"start":{"line":160,"column":33},"end":{"line":160,"column":83}},"line":160},"13":{"name":"(anonymous_13)","decl":{"start":{"line":172,"column":26},"end":{"line":172,"column":27}},"loc":{"start":{"line":172,"column":33},"end":{"line":172,"column":102}},"line":172},"14":{"name":"(anonymous_14)","decl":{"start":{"line":179,"column":26},"end":{"line":179,"column":27}},"loc":{"start":{"line":179,"column":33},"end":{"line":179,"column":79}},"line":179},"15":{"name":"(anonymous_15)","decl":{"start":{"line":185,"column":26},"end":{"line":185,"column":27}},"loc":{"start":{"line":185,"column":33},"end":{"line":185,"column":86}},"line":185},"16":{"name":"(anonymous_16)","decl":{"start":{"line":234,"column":27},"end":{"line":234,"column":28}},"loc":{"start":{"line":234,"column":48},"end":{"line":234,"column":67}},"line":234},"17":{"name":"(anonymous_17)","decl":{"start":{"line":239,"column":45},"end":{"line":239,"column":46}},"loc":{"start":{"line":240,"column":22},"end":{"line":240,"column":70}},"line":240},"18":{"name":"(anonymous_18)","decl":{"start":{"line":278,"column":25},"end":{"line":278,"column":26}},"loc":{"start":{"line":278,"column":35},"end":{"line":328,"column":15}},"line":278},"19":{"name":"(anonymous_19)","decl":{"start":{"line":293,"column":33},"end":{"line":293,"column":34}},"loc":{"start":{"line":293,"column":39},"end":{"line":293,"column":64}},"line":293},"20":{"name":"(anonymous_20)","decl":{"start":{"line":338,"column":32},"end":{"line":338,"column":33}},"loc":{"start":{"line":338,"column":49},"end":{"line":347,"column":15}},"line":338},"21":{"name":"(anonymous_21)","decl":{"start":{"line":339,"column":54},"end":{"line":339,"column":55}},"loc":{"start":{"line":339,"column":59},"end":{"line":339,"column":87}},"line":339},"22":{"name":"(anonymous_22)","decl":{"start":{"line":357,"column":53},"end":{"line":357,"column":54}},"loc":{"start":{"line":358,"column":16},"end":{"line":361,"column":21}},"line":358}},"branchMap":{"0":{"loc":{"start":{"line":47,"column":15},"end":{"line":47,"column":34}},"type":"binary-expr","locations":[{"start":{"line":47,"column":15},"end":{"line":47,"column":28}},{"start":{"line":47,"column":32},"end":{"line":47,"column":34}}],"line":47},"1":{"loc":{"start":{"line":49,"column":22},"end":{"line":49,"column":48}},"type":"binary-expr","locations":[{"start":{"line":49,"column":22},"end":{"line":49,"column":42}},{"start":{"line":49,"column":46},"end":{"line":49,"column":48}}],"line":49},"2":{"loc":{"start":{"line":51,"column":15},"end":{"line":51,"column":73}},"type":"binary-expr","locations":[{"start":{"line":51,"column":15},"end":{"line":51,"column":41}},{"start":{"line":51,"column":45},"end":{"line":51,"column":73}}],"line":51},"3":{"loc":{"start":{"line":60,"column":4},"end":{"line":63,"column":5}},"type":"if","locations":[{"start":{"line":60,"column":4},"end":{"line":63,"column":5}},{"start":{},"end":{}}],"line":60},"4":{"loc":{"start":{"line":60,"column":8},"end":{"line":60,"column":51}},"type":"binary-expr","locations":[{"start":{"line":60,"column":8},"end":{"line":60,"column":22}},{"start":{"line":60,"column":26},"end":{"line":60,"column":51}}],"line":60},"5":{"loc":{"start":{"line":78,"column":15},"end":{"line":78,"column":68}},"type":"binary-expr","locations":[{"start":{"line":78,"column":15},"end":{"line":78,"column":41}},{"start":{"line":78,"column":45},"end":{"line":78,"column":68}}],"line":78},"6":{"loc":{"start":{"line":83,"column":4},"end":{"line":83,"column":78}},"type":"if","locations":[{"start":{"line":83,"column":4},"end":{"line":83,"column":78}},{"start":{},"end":{}}],"line":83},"7":{"loc":{"start":{"line":90,"column":15},"end":{"line":90,"column":68}},"type":"binary-expr","locations":[{"start":{"line":90,"column":15},"end":{"line":90,"column":41}},{"start":{"line":90,"column":45},"end":{"line":90,"column":68}}],"line":90},"8":{"loc":{"start":{"line":95,"column":4},"end":{"line":95,"column":41}},"type":"if","locations":[{"start":{"line":95,"column":4},"end":{"line":95,"column":41}},{"start":{},"end":{}}],"line":95},"9":{"loc":{"start":{"line":100,"column":4},"end":{"line":100,"column":49}},"type":"if","locations":[{"start":{"line":100,"column":4},"end":{"line":100,"column":49}},{"start":{},"end":{}}],"line":100},"10":{"loc":{"start":{"line":110,"column":4},"end":{"line":110,"column":29}},"type":"if","locations":[{"start":{"line":110,"column":4},"end":{"line":110,"column":29}},{"start":{},"end":{}}],"line":110},"11":{"loc":{"start":{"line":117,"column":2},"end":{"line":123,"column":3}},"type":"if","locations":[{"start":{"line":117,"column":2},"end":{"line":123,"column":3}},{"start":{},"end":{}}],"line":117},"12":{"loc":{"start":{"line":117,"column":6},"end":{"line":117,"column":35}},"type":"binary-expr","locations":[{"start":{"line":117,"column":6},"end":{"line":117,"column":13}},{"start":{"line":117,"column":17},"end":{"line":117,"column":35}}],"line":117},"13":{"loc":{"start":{"line":135,"column":13},"end":{"line":135,"column":53}},"type":"cond-expr","locations":[{"start":{"line":135,"column":28},"end":{"line":135,"column":38}},{"start":{"line":135,"column":41},"end":{"line":135,"column":53}}],"line":135},"14":{"loc":{"start":{"line":140,"column":9},"end":{"line":144,"column":9}},"type":"binary-expr","locations":[{"start":{"line":140,"column":9},"end":{"line":140,"column":14}},{"start":{"line":141,"column":10},"end":{"line":143,"column":16}}],"line":140},"15":{"loc":{"start":{"line":147,"column":9},"end":{"line":197,"column":9}},"type":"binary-expr","locations":[{"start":{"line":147,"column":9},"end":{"line":147,"column":21}},{"start":{"line":148,"column":10},"end":{"line":196,"column":17}}],"line":147},"16":{"loc":{"start":{"line":172,"column":71},"end":{"line":172,"column":100}},"type":"binary-expr","locations":[{"start":{"line":172,"column":71},"end":{"line":172,"column":95}},{"start":{"line":172,"column":99},"end":{"line":172,"column":100}}],"line":172},"17":{"loc":{"start":{"line":200,"column":9},"end":{"line":219,"column":9}},"type":"binary-expr","locations":[{"start":{"line":200,"column":9},"end":{"line":200,"column":17}},{"start":{"line":201,"column":10},"end":{"line":218,"column":16}}],"line":200},"18":{"loc":{"start":{"line":222,"column":9},"end":{"line":267,"column":9}},"type":"binary-expr","locations":[{"start":{"line":222,"column":9},"end":{"line":222,"column":17}},{"start":{"line":223,"column":10},"end":{"line":266,"column":16}}],"line":222},"19":{"loc":{"start":{"line":272,"column":11},"end":{"line":330,"column":11}},"type":"cond-expr","locations":[{"start":{"line":273,"column":12},"end":{"line":275,"column":18}},{"start":{"line":277,"column":12},"end":{"line":329,"column":18}}],"line":272},"20":{"loc":{"start":{"line":287,"column":86},"end":{"line":287,"column":175}},"type":"cond-expr","locations":[{"start":{"line":287,"column":116},"end":{"line":287,"column":145}},{"start":{"line":287,"column":148},"end":{"line":287,"column":175}}],"line":287},"21":{"loc":{"start":{"line":288,"column":29},"end":{"line":288,"column":83}},"type":"cond-expr","locations":[{"start":{"line":288,"column":59},"end":{"line":288,"column":72}},{"start":{"line":288,"column":75},"end":{"line":288,"column":83}}],"line":288},"22":{"loc":{"start":{"line":300,"column":21},"end":{"line":302,"column":21}},"type":"binary-expr","locations":[{"start":{"line":300,"column":21},"end":{"line":300,"column":37}},{"start":{"line":301,"column":22},"end":{"line":301,"column":87}}],"line":300},"23":{"loc":{"start":{"line":320,"column":23},"end":{"line":324,"column":23}},"type":"cond-expr","locations":[{"start":{"line":321,"column":24},"end":{"line":321,"column":81}},{"start":{"line":323,"column":24},"end":{"line":323,"column":68}}],"line":320},"24":{"loc":{"start":{"line":334,"column":9},"end":{"line":350,"column":9}},"type":"binary-expr","locations":[{"start":{"line":334,"column":9},"end":{"line":334,"column":21}},{"start":{"line":334,"column":25},"end":{"line":334,"column":48}},{"start":{"line":335,"column":10},"end":{"line":349,"column":16}}],"line":334},"25":{"loc":{"start":{"line":353,"column":9},"end":{"line":365,"column":9}},"type":"binary-expr","locations":[{"start":{"line":353,"column":9},"end":{"line":353,"column":43}},{"start":{"line":353,"column":47},"end":{"line":353,"column":91}},{"start":{"line":354,"column":10},"end":{"line":364,"column":16}}],"line":353}},"s":{"0":0,"1":0,"2":0,"3":0,"4":0,"5":0,"6":0,"7":0,"8":0,"9":0,"10":0,"11":0,"12":0,"13":0,"14":0,"15":0,"16":0,"17":0,"18":0,"19":0,"20":0,"21":0,"22":0,"23":0,"24":0,"25":0,"26":0,"27":0,"28":0,"29":0,"30":0,"31":0,"32":0,"33":0,"34":0,"35":0,"36":0,"37":0,"38":0,"39":0,"40":0,"41":0,"42":0,"43":0,"44":0,"45":0,"46":0,"47":0,"48":0,"49":0,"50":0,"51":0,"52":0,"53":0,"54":0,"55":0,"56":0,"57":0,"58":0,"59":0,"60":0,"61":0,"62":0,"63":0,"64":0,"65":0,"66":0,"67":0,"68":0,"69":0,"70":0,"71":0,"72":0,"73":0},"f":{"0":0,"1":0,"2":0,"3":0,"4":0,"5":0,"6":0,"7":0,"8":0,"9":0,"10":0,"11":0,"12":0,"13":0,"14":0,"15":0,"16":0,"17":0,"18":0,"19":0,"20":0,"21":0,"22":0},"b":{"0":[0,0],"1":[0,0],"2":[0,0],"3":[0,0],"4":[0,0],"5":[0,0],"6":[0,0],"7":[0,0],"8":[0,0],"9":[0,0],"10":[0,0],"11":[0,0],"12":[0,0],"13":[0,0],"14":[0,0],"15":[0,0],"16":[0,0],"17":[0,0],"18":[0,0],"19":[0,0],"20":[0,0],"21":[0,0],"22":[0,0],"23":[0,0],"24":[0,0,0],"25":[0,0,0]}}
}
